{
  "0 debug pnpm:scope": {
    "selected": 1
  },
  "1 info pnpm": {
    "err": {
      "name": "Error",
      "message": "not found: installl",
      "code": "ENOENT",
      "stack": "Error: not found: installl\n    at getNotFoundError (C:\\Users\\msi\\AppData\\Roaming\\npm\\node_modules\\pnpm\\dist\\pnpm.cjs:41555:51)\n    at Function.whichSync [as sync] (C:\\Users\\msi\\AppData\\Roaming\\npm\\node_modules\\pnpm\\dist\\pnpm.cjs:41632:13)\n    at getCommandAbsolutePathSync (C:\\Users\\msi\\AppData\\Roaming\\npm\\node_modules\\pnpm\\dist\\pnpm.cjs:43197:44)\n    at default_1 (C:\\Users\\msi\\AppData\\Roaming\\npm\\node_modules\\pnpm\\dist\\pnpm.cjs:43206:32)\n    at C:\\Users\\msi\\AppData\\Roaming\\npm\\node_modules\\pnpm\\dist\\pnpm.cjs:178047:39"
    }
  },
  "2 error pnpm": {
    "code": "ERR_PNPM_RECURSIVE_EXEC_FIRST_FAIL",
    "prefix": "H:\\software\\Project\\pd-blog\\client",
    "err": {
      "name": "pnpm",
      "message": "not found: installl",
      "code": "ERR_PNPM_RECURSIVE_EXEC_FIRST_FAIL",
      "stack": "Error: not found: installl\n    at getNotFoundError (C:\\Users\\msi\\AppData\\Roaming\\npm\\node_modules\\pnpm\\dist\\pnpm.cjs:41555:51)\n    at Function.whichSync [as sync] (C:\\Users\\msi\\AppData\\Roaming\\npm\\node_modules\\pnpm\\dist\\pnpm.cjs:41632:13)\n    at getCommandAbsolutePathSync (C:\\Users\\msi\\AppData\\Roaming\\npm\\node_modules\\pnpm\\dist\\pnpm.cjs:43197:44)\n    at default_1 (C:\\Users\\msi\\AppData\\Roaming\\npm\\node_modules\\pnpm\\dist\\pnpm.cjs:43206:32)\n    at C:\\Users\\msi\\AppData\\Roaming\\npm\\node_modules\\pnpm\\dist\\pnpm.cjs:178047:39"
    }
  }
}